2023-02-23T15:09:27.158Z - INFO "mv /home/alexandredelaloy/.aliases /home/alexandredelaloy/.aliases.old"
2023-02-23T15:09:27.162Z - INFO "cp /home/alexandredelaloy/go/src/github.com/gogolcorp/go-eland/config/files/aliases.sh /home/alexandredelaloy/.aliases"
2023-02-23T15:09:27.165Z - INFO "mv /home/alexandredelaloy/.functions /home/alexandredelaloy/.functions.old"
2023-02-23T15:09:27.169Z - INFO "cp /home/alexandredelaloy/go/src/github.com/gogolcorp/go-eland/config/files/functions.sh /home/alexandredelaloy/.functions"
2023-02-23T15:09:27.172Z - INFO "mv /home/alexandredelaloy/.config/starship.toml /home/alexandredelaloy/.config/starship.toml.old"
2023-02-23T15:09:27.176Z - INFO "cp /home/alexandredelaloy/go/src/github.com/gogolcorp/go-eland/config/files/starship.toml /home/alexandredelaloy/.config/starship.toml"
2023-02-23T15:09:27.179Z - INFO "mv /home/alexandredelaloy/.config/terminator/config /home/alexandredelaloy/.config/terminator/config.old"
2023-02-23T15:09:27.184Z - INFO "cp /home/alexandredelaloy/go/src/github.com/gogolcorp/go-eland/config/files/terminator.toml /home/alexandredelaloy/.config/terminator/config"
2023-02-23T15:09:45.002Z - INFO "mv /home/alexandredelaloy/.aliases /home/alexandredelaloy/.aliases.old"
2023-02-23T15:09:45.012Z - INFO "cp /home/alexandredelaloy/go/src/github.com/gogolcorp/go-eland/config/files/aliases.sh /home/alexandredelaloy/.aliases"
2023-02-23T15:09:45.021Z - INFO "mv /home/alexandredelaloy/.functions /home/alexandredelaloy/.functions.old"
2023-02-23T15:09:45.029Z - INFO "cp /home/alexandredelaloy/go/src/github.com/gogolcorp/go-eland/config/files/functions.sh /home/alexandredelaloy/.functions"
2023-02-23T15:09:45.035Z - INFO "mv /home/alexandredelaloy/.config/starship.toml /home/alexandredelaloy/.config/starship.toml.old"
2023-02-23T15:09:45.041Z - INFO "cp /home/alexandredelaloy/go/src/github.com/gogolcorp/go-eland/config/files/starship.toml /home/alexandredelaloy/.config/starship.toml"
2023-02-23T15:09:45.046Z - INFO "mv /home/alexandredelaloy/.config/terminator/config /home/alexandredelaloy/.config/terminator/config.old"
2023-02-23T15:09:45.051Z - INFO "cp /home/alexandredelaloy/go/src/github.com/gogolcorp/go-eland/config/files/terminator.toml /home/alexandredelaloy/.config/terminator/config"
2023-02-23T15:10:01.010Z - INFO "mv /home/alexandredelaloy/.aliases /home/alexandredelaloy/.aliases.old"
2023-02-23T15:10:01.022Z - INFO "cp /home/alexandredelaloy/go/src/github.com/gogolcorp/go-eland/config/files/aliases.sh /home/alexandredelaloy/.aliases"
2023-02-23T15:10:01.030Z - INFO "mv /home/alexandredelaloy/.functions /home/alexandredelaloy/.functions.old"
2023-02-23T15:10:01.035Z - INFO "cp /home/alexandredelaloy/go/src/github.com/gogolcorp/go-eland/config/files/functions.sh /home/alexandredelaloy/.functions"
2023-02-23T15:10:01.042Z - INFO "mv /home/alexandredelaloy/.config/starship.toml /home/alexandredelaloy/.config/starship.toml.old"
2023-02-23T15:10:01.046Z - INFO "cp /home/alexandredelaloy/go/src/github.com/gogolcorp/go-eland/config/files/starship.toml /home/alexandredelaloy/.config/starship.toml"
2023-02-23T15:10:01.051Z - INFO "mv /home/alexandredelaloy/.config/terminator/config /home/alexandredelaloy/.config/terminator/config.old"
2023-02-23T15:10:01.055Z - INFO "cp /home/alexandredelaloy/go/src/github.com/gogolcorp/go-eland/config/files/terminator.toml /home/alexandredelaloy/.config/terminator/config"
2023-02-23T15:10:23.004Z - INFO "mv /home/alexandredelaloy/.aliases /home/alexandredelaloy/.aliases.old"
2023-02-23T15:10:23.014Z - INFO "cp /home/alexandredelaloy/go/src/github.com/gogolcorp/go-eland/config/files/aliases.sh /home/alexandredelaloy/.aliases"
2023-02-23T15:10:23.021Z - INFO "mv /home/alexandredelaloy/.functions /home/alexandredelaloy/.functions.old"
2023-02-23T15:10:23.027Z - INFO "cp /home/alexandredelaloy/go/src/github.com/gogolcorp/go-eland/config/files/functions.sh /home/alexandredelaloy/.functions"
2023-02-23T15:10:23.031Z - INFO "mv /home/alexandredelaloy/.config/starship.toml /home/alexandredelaloy/.config/starship.toml.old"
2023-02-23T15:10:23.035Z - INFO "cp /home/alexandredelaloy/go/src/github.com/gogolcorp/go-eland/config/files/starship.toml /home/alexandredelaloy/.config/starship.toml"
2023-02-23T15:10:23.039Z - INFO "mv /home/alexandredelaloy/.config/terminator/config /home/alexandredelaloy/.config/terminator/config.old"
2023-02-23T15:10:23.043Z - INFO "cp /home/alexandredelaloy/go/src/github.com/gogolcorp/go-eland/config/files/terminator.toml /home/alexandredelaloy/.config/terminator/config"
2023-02-23T15:19:26.205Z - INFO "mv /home/alexandredelaloy/.aliases /home/alexandredelaloy/.aliases.old"
2023-02-23T15:19:26.210Z - INFO "cp /home/alexandredelaloy/go/src/github.com/gogolcorp/go-eland/config/files/aliases.sh /home/alexandredelaloy/.aliases"
2023-02-23T15:19:26.214Z - INFO "mv /home/alexandredelaloy/.functions /home/alexandredelaloy/.functions.old"
2023-02-23T15:19:26.219Z - INFO "cp /home/alexandredelaloy/go/src/github.com/gogolcorp/go-eland/config/files/functions.sh /home/alexandredelaloy/.functions"
2023-02-23T15:19:26.224Z - INFO "mv /home/alexandredelaloy/.config/starship.toml /home/alexandredelaloy/.config/starship.toml.old"
2023-02-23T15:19:26.230Z - INFO "cp /home/alexandredelaloy/go/src/github.com/gogolcorp/go-eland/config/files/starship.toml /home/alexandredelaloy/.config/starship.toml"
2023-02-23T15:19:26.234Z - INFO "mv /home/alexandredelaloy/.config/terminator/config /home/alexandredelaloy/.config/terminator/config.old"
2023-02-23T15:19:26.239Z - INFO "cp /home/alexandredelaloy/go/src/github.com/gogolcorp/go-eland/config/files/terminator.toml /home/alexandredelaloy/.config/terminator/config"
2023-02-23T16:03:45.075Z - INFO "mv /home/alexandredelaloy/.aliases /home/alexandredelaloy/.aliases.old"
2023-02-23T16:03:45.078Z - INFO "cp /home/alexandredelaloy/go/src/github.com/gogolcorp/go-eland/config/files/aliases.sh /home/alexandredelaloy/.aliases"
2023-02-23T16:03:45.080Z - INFO "mv /home/alexandredelaloy/.functions /home/alexandredelaloy/.functions.old"
2023-02-23T16:03:45.083Z - INFO "cp /home/alexandredelaloy/go/src/github.com/gogolcorp/go-eland/config/files/functions.sh /home/alexandredelaloy/.functions"
2023-02-23T16:03:45.085Z - INFO "mv /home/alexandredelaloy/.config/starship.toml /home/alexandredelaloy/.config/starship.toml.old"
2023-02-23T16:03:45.087Z - INFO "cp /home/alexandredelaloy/go/src/github.com/gogolcorp/go-eland/config/files/starship.toml /home/alexandredelaloy/.config/starship.toml"
2023-02-23T16:03:45.089Z - INFO "mv /home/alexandredelaloy/.config/terminator/config /home/alexandredelaloy/.config/terminator/config.old"
2023-02-23T16:03:45.092Z - INFO "cp /home/alexandredelaloy/go/src/github.com/gogolcorp/go-eland/config/files/terminator.toml /home/alexandredelaloy/.config/terminator/config"
2023-02-23T16:14:41.940Z - INFO "mv /home/alexandredelaloy/.aliases /home/alexandredelaloy/.aliases.old"
2023-02-23T16:14:41.943Z - INFO "cp /home/alexandredelaloy/go/src/github.com/gogolcorp/go-eland/config/files/aliases.sh /home/alexandredelaloy/.aliases"
2023-02-23T16:14:41.946Z - INFO "mv /home/alexandredelaloy/.functions /home/alexandredelaloy/.functions.old"
2023-02-23T16:14:41.949Z - INFO "cp /home/alexandredelaloy/go/src/github.com/gogolcorp/go-eland/config/files/functions.sh /home/alexandredelaloy/.functions"
2023-02-23T16:14:41.951Z - INFO "mv /home/alexandredelaloy/.config/starship.toml /home/alexandredelaloy/.config/starship.toml.old"
2023-02-23T16:14:41.955Z - INFO "cp /home/alexandredelaloy/go/src/github.com/gogolcorp/go-eland/config/files/starship.toml /home/alexandredelaloy/.config/starship.toml"
2023-02-23T16:14:41.959Z - INFO "mv /home/alexandredelaloy/.config/terminator/config /home/alexandredelaloy/.config/terminator/config.old"
2023-02-23T16:14:41.963Z - INFO "cp /home/alexandredelaloy/go/src/github.com/gogolcorp/go-eland/config/files/terminator.toml /home/alexandredelaloy/.config/terminator/config"
2023-02-23T16:15:45.531Z - INFO "mv /home/alexandredelaloy/.aliases /home/alexandredelaloy/.aliases.old"
2023-02-23T16:15:45.541Z - INFO "cp /home/alexandredelaloy/go/src/github.com/gogolcorp/go-eland/config/files/aliases.sh /home/alexandredelaloy/.aliases"
2023-02-23T16:15:45.550Z - INFO "mv /home/alexandredelaloy/.functions /home/alexandredelaloy/.functions.old"
2023-02-23T16:15:45.554Z - INFO "cp /home/alexandredelaloy/go/src/github.com/gogolcorp/go-eland/config/files/functions.sh /home/alexandredelaloy/.functions"
2023-02-23T16:15:45.560Z - INFO "mv /home/alexandredelaloy/.config/starship.toml /home/alexandredelaloy/.config/starship.toml.old"
2023-02-23T16:15:45.564Z - INFO "cp /home/alexandredelaloy/go/src/github.com/gogolcorp/go-eland/config/files/starship.toml /home/alexandredelaloy/.config/starship.toml"
2023-02-23T16:15:45.569Z - INFO "mv /home/alexandredelaloy/.config/terminator/config /home/alexandredelaloy/.config/terminator/config.old"
2023-02-23T16:15:45.572Z - INFO "cp /home/alexandredelaloy/go/src/github.com/gogolcorp/go-eland/config/files/terminator.toml /home/alexandredelaloy/.config/terminator/config"
2023-02-23T16:22:38.373Z - INFO "mv /home/alexandredelaloy/.aliases /home/alexandredelaloy/.aliases.old"
2023-02-23T16:22:38.377Z - INFO "cp /home/alexandredelaloy/go/src/github.com/gogolcorp/go-eland/config/files/aliases.sh /home/alexandredelaloy/.aliases"
2023-02-23T16:22:38.380Z - INFO "mv /home/alexandredelaloy/.functions /home/alexandredelaloy/.functions.old"
2023-02-23T16:22:38.383Z - INFO "cp /home/alexandredelaloy/go/src/github.com/gogolcorp/go-eland/config/files/functions.sh /home/alexandredelaloy/.functions"
2023-02-23T16:22:38.388Z - INFO "mv /home/alexandredelaloy/.config/starship.toml /home/alexandredelaloy/.config/starship.toml.old"
2023-02-23T16:22:38.392Z - INFO "cp /home/alexandredelaloy/go/src/github.com/gogolcorp/go-eland/config/files/starship.toml /home/alexandredelaloy/.config/starship.toml"
2023-02-23T16:22:38.396Z - INFO "mv /home/alexandredelaloy/.config/terminator/config /home/alexandredelaloy/.config/terminator/config.old"
2023-02-23T16:22:38.400Z - INFO "cp /home/alexandredelaloy/go/src/github.com/gogolcorp/go-eland/config/files/terminator.toml /home/alexandredelaloy/.config/terminator/config"
2023-02-23T16:26:32.456Z - INFO "mv /home/alexandredelaloy/.aliases /home/alexandredelaloy/.aliases.old"
2023-02-23T16:26:32.464Z - INFO "cp /home/alexandredelaloy/go/src/github.com/gogolcorp/go-eland/config/files/aliases.sh /home/alexandredelaloy/.aliases"
2023-02-23T16:26:32.471Z - INFO "mv /home/alexandredelaloy/.functions /home/alexandredelaloy/.functions.old"
2023-02-23T16:26:32.477Z - INFO "cp /home/alexandredelaloy/go/src/github.com/gogolcorp/go-eland/config/files/functions.sh /home/alexandredelaloy/.functions"
2023-02-23T16:26:32.485Z - INFO "mv /home/alexandredelaloy/.config/starship.toml /home/alexandredelaloy/.config/starship.toml.old"
2023-02-23T16:26:32.493Z - INFO "cp /home/alexandredelaloy/go/src/github.com/gogolcorp/go-eland/config/files/starship.toml /home/alexandredelaloy/.config/starship.toml"
2023-02-23T16:26:32.502Z - INFO "mv /home/alexandredelaloy/.config/terminator/config /home/alexandredelaloy/.config/terminator/config.old"
2023-02-23T16:26:32.513Z - INFO "cp /home/alexandredelaloy/go/src/github.com/gogolcorp/go-eland/config/files/terminator.toml /home/alexandredelaloy/.config/terminator/config"
2023-02-23T16:31:52.562Z - INFO "mv /home/alexandredelaloy/.aliases /home/alexandredelaloy/.aliases.old"
2023-02-23T16:31:52.565Z - INFO "cp /home/alexandredelaloy/go/src/github.com/gogolcorp/go-eland/config/files/aliases.sh /home/alexandredelaloy/.aliases"
2023-02-23T16:31:52.567Z - INFO "mv /home/alexandredelaloy/.functions /home/alexandredelaloy/.functions.old"
2023-02-23T16:31:52.571Z - INFO "cp /home/alexandredelaloy/go/src/github.com/gogolcorp/go-eland/config/files/functions.sh /home/alexandredelaloy/.functions"
2023-02-23T16:31:52.574Z - INFO "mv /home/alexandredelaloy/.config/starship.toml /home/alexandredelaloy/.config/starship.toml.old"
2023-02-23T16:31:52.578Z - INFO "cp /home/alexandredelaloy/go/src/github.com/gogolcorp/go-eland/config/files/starship.toml /home/alexandredelaloy/.config/starship.toml"
2023-02-23T16:31:52.580Z - INFO "mv /home/alexandredelaloy/.config/terminator/config /home/alexandredelaloy/.config/terminator/config.old"
2023-02-23T16:31:52.583Z - INFO "cp /home/alexandredelaloy/go/src/github.com/gogolcorp/go-eland/config/files/terminator.toml /home/alexandredelaloy/.config/terminator/config"
2023-02-23T19:07:51.807Z - INFO "mv /home/alexandredelaloy/.aliases /home/alexandredelaloy/.aliases.old"
2023-02-23T19:07:51.815Z - INFO "cp /home/alexandredelaloy/go/src/github.com/gogolcorp/go-eland/config/files/aliases.sh /home/alexandredelaloy/.aliases"
2023-02-23T19:07:51.820Z - INFO "mv /home/alexandredelaloy/.functions /home/alexandredelaloy/.functions.old"
2023-02-23T19:07:51.825Z - INFO "cp /home/alexandredelaloy/go/src/github.com/gogolcorp/go-eland/config/files/functions.sh /home/alexandredelaloy/.functions"
2023-02-23T19:07:51.829Z - INFO "mv /home/alexandredelaloy/.config/starship.toml /home/alexandredelaloy/.config/starship.toml.old"
2023-02-23T19:07:51.833Z - INFO "cp /home/alexandredelaloy/go/src/github.com/gogolcorp/go-eland/config/files/starship.toml /home/alexandredelaloy/.config/starship.toml"
2023-02-23T19:07:51.837Z - INFO "mv /home/alexandredelaloy/.config/terminator/config /home/alexandredelaloy/.config/terminator/config.old"
2023-02-23T19:07:51.841Z - INFO "cp /home/alexandredelaloy/go/src/github.com/gogolcorp/go-eland/config/files/terminator.toml /home/alexandredelaloy/.config/terminator/config"
2023-02-23T19:10:05.636Z - INFO "mv /home/alexandredelaloy/.aliases /home/alexandredelaloy/.aliases.old"
2023-02-23T19:10:05.644Z - INFO "cp /home/alexandredelaloy/go/src/github.com/gogolcorp/go-eland/config/files/aliases.sh /home/alexandredelaloy/.aliases"
2023-02-23T19:10:05.653Z - INFO "mv /home/alexandredelaloy/.functions /home/alexandredelaloy/.functions.old"
2023-02-23T19:10:05.662Z - INFO "cp /home/alexandredelaloy/go/src/github.com/gogolcorp/go-eland/config/files/functions.sh /home/alexandredelaloy/.functions"
2023-02-23T19:10:05.671Z - INFO "mv /home/alexandredelaloy/.config/starship.toml /home/alexandredelaloy/.config/starship.toml.old"
2023-02-23T19:10:05.679Z - INFO "cp /home/alexandredelaloy/go/src/github.com/gogolcorp/go-eland/config/files/starship.toml /home/alexandredelaloy/.config/starship.toml"
2023-02-23T19:10:05.687Z - INFO "mv /home/alexandredelaloy/.config/terminator/config /home/alexandredelaloy/.config/terminator/config.old"
2023-02-23T19:10:05.696Z - INFO "cp /home/alexandredelaloy/go/src/github.com/gogolcorp/go-eland/config/files/terminator.toml /home/alexandredelaloy/.config/terminator/config"
2023-02-23T23:40:09.041Z - INFO "mv /home/alexandredelaloy/.aliases /home/alexandredelaloy/.aliases.old"
2023-02-23T23:40:09.045Z - INFO "cp /home/alexandredelaloy/go/src/github.com/gogolcorp/go-eland/config/files/aliases.sh /home/alexandredelaloy/.aliases"
2023-02-23T23:40:09.049Z - INFO "mv /home/alexandredelaloy/.functions /home/alexandredelaloy/.functions.old"
2023-02-23T23:40:09.054Z - INFO "cp /home/alexandredelaloy/go/src/github.com/gogolcorp/go-eland/config/files/functions.sh /home/alexandredelaloy/.functions"
2023-02-23T23:40:09.058Z - INFO "mv /home/alexandredelaloy/.config/starship.toml /home/alexandredelaloy/.config/starship.toml.old"
2023-02-23T23:40:09.061Z - INFO "cp /home/alexandredelaloy/go/src/github.com/gogolcorp/go-eland/config/files/starship.toml /home/alexandredelaloy/.config/starship.toml"
2023-02-23T23:40:09.065Z - INFO "mv /home/alexandredelaloy/.config/terminator/config /home/alexandredelaloy/.config/terminator/config.old"
2023-02-23T23:40:09.070Z - INFO "cp /home/alexandredelaloy/go/src/github.com/gogolcorp/go-eland/config/files/terminator.toml /home/alexandredelaloy/.config/terminator/config"
2023-02-23T23:41:32.208Z - INFO "mv /home/alexandredelaloy/.aliases /home/alexandredelaloy/.aliases.old"
2023-02-23T23:41:32.218Z - INFO "cp /home/alexandredelaloy/go/src/github.com/gogolcorp/go-eland/config/files/aliases.sh /home/alexandredelaloy/.aliases"
2023-02-23T23:41:32.229Z - INFO "mv /home/alexandredelaloy/.functions /home/alexandredelaloy/.functions.old"
2023-02-23T23:41:32.240Z - INFO "cp /home/alexandredelaloy/go/src/github.com/gogolcorp/go-eland/config/files/functions.sh /home/alexandredelaloy/.functions"
2023-02-23T23:41:32.250Z - INFO "mv /home/alexandredelaloy/.config/starship.toml /home/alexandredelaloy/.config/starship.toml.old"
2023-02-23T23:41:32.255Z - INFO "cp /home/alexandredelaloy/go/src/github.com/gogolcorp/go-eland/config/files/starship.toml /home/alexandredelaloy/.config/starship.toml"
2023-02-23T23:41:32.259Z - INFO "mv /home/alexandredelaloy/.config/terminator/config /home/alexandredelaloy/.config/terminator/config.old"
2023-02-23T23:41:32.265Z - INFO "cp /home/alexandredelaloy/go/src/github.com/gogolcorp/go-eland/config/files/terminator.toml /home/alexandredelaloy/.config/terminator/config"
2023-02-23T23:42:58.208Z - INFO "mv /home/alexandredelaloy/.aliases /home/alexandredelaloy/.aliases.old"
2023-02-23T23:42:58.220Z - INFO "cp /home/alexandredelaloy/go/src/github.com/gogolcorp/go-eland/config/files/aliases.sh /home/alexandredelaloy/.aliases"
2023-02-23T23:42:58.230Z - INFO "mv /home/alexandredelaloy/.functions /home/alexandredelaloy/.functions.old"
2023-02-23T23:42:58.241Z - INFO "cp /home/alexandredelaloy/go/src/github.com/gogolcorp/go-eland/config/files/functions.sh /home/alexandredelaloy/.functions"
2023-02-23T23:42:58.248Z - INFO "mv /home/alexandredelaloy/.config/starship.toml /home/alexandredelaloy/.config/starship.toml.old"
2023-02-23T23:42:58.254Z - INFO "cp /home/alexandredelaloy/go/src/github.com/gogolcorp/go-eland/config/files/starship.toml /home/alexandredelaloy/.config/starship.toml"
2023-02-23T23:42:58.258Z - INFO "mv /home/alexandredelaloy/.config/terminator/config /home/alexandredelaloy/.config/terminator/config.old"
2023-02-23T23:42:58.263Z - INFO "cp /home/alexandredelaloy/go/src/github.com/gogolcorp/go-eland/config/files/terminator.toml /home/alexandredelaloy/.config/terminator/config"
2023-02-23T23:45:23.073Z - INFO "mv /home/alexandredelaloy/.aliases /home/alexandredelaloy/.aliases.old"
2023-02-23T23:45:23.079Z - INFO "cp /home/alexandredelaloy/go/src/github.com/gogolcorp/go-eland/config/files/aliases.sh /home/alexandredelaloy/.aliases"
2023-02-23T23:45:23.085Z - INFO "mv /home/alexandredelaloy/.functions /home/alexandredelaloy/.functions.old"
2023-02-23T23:45:23.091Z - INFO "cp /home/alexandredelaloy/go/src/github.com/gogolcorp/go-eland/config/files/functions.sh /home/alexandredelaloy/.functions"
2023-02-23T23:45:23.096Z - INFO "mv /home/alexandredelaloy/.config/starship.toml /home/alexandredelaloy/.config/starship.toml.old"
2023-02-23T23:45:23.101Z - INFO "cp /home/alexandredelaloy/go/src/github.com/gogolcorp/go-eland/config/files/starship.toml /home/alexandredelaloy/.config/starship.toml"
2023-02-23T23:45:23.105Z - INFO "mv /home/alexandredelaloy/.config/terminator/config /home/alexandredelaloy/.config/terminator/config.old"
2023-02-23T23:45:23.109Z - INFO "cp /home/alexandredelaloy/go/src/github.com/gogolcorp/go-eland/config/files/terminator.toml /home/alexandredelaloy/.config/terminator/config"
2023-02-23T23:45:57.061Z - INFO "mv /home/alexandredelaloy/.aliases /home/alexandredelaloy/.aliases.old"
2023-02-23T23:45:57.064Z - INFO "cp /home/alexandredelaloy/go/src/github.com/gogolcorp/go-eland/config/files/aliases.sh /home/alexandredelaloy/.aliases"
2023-02-23T23:45:57.066Z - INFO "mv /home/alexandredelaloy/.functions /home/alexandredelaloy/.functions.old"
2023-02-23T23:45:57.069Z - INFO "cp /home/alexandredelaloy/go/src/github.com/gogolcorp/go-eland/config/files/functions.sh /home/alexandredelaloy/.functions"
2023-02-23T23:45:57.073Z - INFO "mv /home/alexandredelaloy/.config/starship.toml /home/alexandredelaloy/.config/starship.toml.old"
2023-02-23T23:45:57.077Z - INFO "cp /home/alexandredelaloy/go/src/github.com/gogolcorp/go-eland/config/files/starship.toml /home/alexandredelaloy/.config/starship.toml"
2023-02-23T23:45:57.080Z - INFO "mv /home/alexandredelaloy/.config/terminator/config /home/alexandredelaloy/.config/terminator/config.old"
2023-02-23T23:45:57.083Z - INFO "cp /home/alexandredelaloy/go/src/github.com/gogolcorp/go-eland/config/files/terminator.toml /home/alexandredelaloy/.config/terminator/config"
2023-02-23T23:46:12.837Z - INFO "mv /home/alexandredelaloy/.aliases /home/alexandredelaloy/.aliases.old"
2023-02-23T23:46:12.840Z - INFO "cp /home/alexandredelaloy/go/src/github.com/gogolcorp/go-eland/config/files/aliases.sh /home/alexandredelaloy/.aliases"
2023-02-23T23:46:12.843Z - INFO "mv /home/alexandredelaloy/.functions /home/alexandredelaloy/.functions.old"
2023-02-23T23:46:12.846Z - INFO "cp /home/alexandredelaloy/go/src/github.com/gogolcorp/go-eland/config/files/functions.sh /home/alexandredelaloy/.functions"
2023-02-23T23:46:12.850Z - INFO "mv /home/alexandredelaloy/.config/starship.toml /home/alexandredelaloy/.config/starship.toml.old"
2023-02-23T23:46:12.854Z - INFO "cp /home/alexandredelaloy/go/src/github.com/gogolcorp/go-eland/config/files/starship.toml /home/alexandredelaloy/.config/starship.toml"
2023-02-23T23:46:12.857Z - INFO "mv /home/alexandredelaloy/.config/terminator/config /home/alexandredelaloy/.config/terminator/config.old"
2023-02-23T23:46:12.861Z - INFO "cp /home/alexandredelaloy/go/src/github.com/gogolcorp/go-eland/config/files/terminator.toml /home/alexandredelaloy/.config/terminator/config"
