2022-11-24T18:17:07.229Z - INFO "sudo apt update -y"
2022-11-24T18:17:07.866Z - INFO "sudo apt upgrade -y"
2022-11-24T18:17:24.860Z - INFO "sudo apt install apt-transport-https -y"
2022-11-24T18:17:25.437Z - INFO "sudo apt install build-essential -y"
2022-11-24T18:17:25.959Z - INFO "sudo apt install ca-certificates -y"
2022-11-24T18:17:26.639Z - INFO "sudo apt upgrade curl -y"
2022-11-24T18:17:27.289Z - INFO "sudo apt upgrade file -y"
2022-11-24T18:17:28.009Z - INFO "sudo apt upgrade gcc -y"
2022-11-24T18:17:28.671Z - INFO "sudo apt upgrade git -y"
2022-11-24T18:17:29.369Z - INFO "sudo apt upgrade htop -y"
2022-11-24T18:17:30.070Z - INFO "sudo apt upgrade make -y"
2022-11-24T18:17:30.578Z - INFO "sudo apt install procps -y"
2022-11-24T18:17:31.289Z - INFO "sudo apt upgrade shellcheck -y"
2022-11-24T18:17:31.803Z - INFO "sudo apt install software-properties-common -y"
2022-11-24T18:17:32.497Z - INFO "sudo apt upgrade tree -y"
2022-11-24T18:17:33.328Z - INFO "sudo apt upgrade virtualbox -y"
2022-11-24T18:17:34.295Z - INFO "sudo apt upgrade xclip -y"
2022-11-24T18:17:35.064Z - INFO "sudo apt upgrade zsh -y"
2022-11-24T18:24:54.051Z - INFO "mv /home/alexandredelaloy/.aliases /home/alexandredelaloy/.aliases.old"
2022-11-24T18:24:54.054Z - INFO "cp /home/alexandredelaloy/go/src/github.com/gogolcorp/go-eland/config/files/aliases.sh /home/alexandredelaloy/.aliases"
2022-11-24T18:24:54.058Z - INFO "mv /home/alexandredelaloy/.functions /home/alexandredelaloy/.functions.old"
2022-11-24T18:24:54.063Z - INFO "cp /home/alexandredelaloy/go/src/github.com/gogolcorp/go-eland/config/files/functions.sh /home/alexandredelaloy/.functions"
2022-11-24T18:29:00.340Z - FAIL [127] "source /home/alexandredelaloy/.aliases; source /home/alexandredelaloy/.functions"
2022-11-24T18:30:57.883Z - FAIL [127] "source /home/alexandredelaloy/.aliases; source /home/alexandredelaloy/.functions"
2022-11-24T18:35:59.674Z - FAIL [127] "source /home/alexandredelaloy/.aliases; source /home/alexandredelaloy/.functions"
2022-11-24T18:37:20.391Z - FAIL [127] "source /home/alexandredelaloy/.aliases; source /home/alexandredelaloy/.functions"
2022-11-24T18:38:11.084Z - INFO "source /home/alexandredelaloy/.aliases; source /home/alexandredelaloy/.functions"
2022-11-24T18:38:29.242Z - INFO "source /home/alexandredelaloy/.aliases; source /home/alexandredelaloy/.functions"
