2022-11-25T15:36:55.090Z - FAIL [1] "sudo apt update -y"
2022-11-25T15:38:32.807Z - INFO "sudo apt update -y"
2022-11-25T15:38:57.626Z - INFO "sudo apt upgrade -y"
2022-11-25T15:39:01.091Z - INFO "sudo apt install apt-transport-https -y"
2022-11-25T15:39:01.580Z - INFO "sudo apt install build-essential -y"
2022-11-25T15:39:02.039Z - INFO "sudo apt install ca-certificates -y"
2022-11-25T15:39:02.629Z - INFO "sudo apt upgrade curl -y"
2022-11-25T15:39:03.238Z - INFO "sudo apt upgrade file -y"
2022-11-25T15:39:03.873Z - INFO "sudo apt upgrade gcc -y"
2022-11-25T15:39:04.475Z - INFO "sudo apt upgrade git -y"
2022-11-25T15:39:05.151Z - INFO "sudo apt upgrade htop -y"
2022-11-25T15:39:05.834Z - INFO "sudo apt upgrade make -y"
2022-11-25T15:39:06.296Z - INFO "sudo apt install procps -y"
2022-11-25T15:39:07.008Z - INFO "sudo apt upgrade shellcheck -y"
2022-11-25T15:39:07.475Z - INFO "sudo apt install software-properties-common -y"
2022-11-25T15:39:08.075Z - INFO "sudo apt upgrade tree -y"
2022-11-25T15:39:08.673Z - INFO "sudo apt upgrade virtualbox -y"
2022-11-25T15:39:09.318Z - INFO "sudo apt upgrade xclip -y"
2022-11-25T15:39:09.925Z - INFO "sudo apt upgrade zsh -y"
2022-11-25T15:39:12.934Z - INFO "mv /home/alexandredelaloy/.aliases /home/alexandredelaloy/.aliases.old"
2022-11-25T15:39:12.943Z - INFO "cp /home/alexandredelaloy/go/src/github.com/gogolcorp/go-eland/config/files/aliases.sh /home/alexandredelaloy/.aliases"
2022-11-25T15:39:12.946Z - INFO "mv /home/alexandredelaloy/.functions /home/alexandredelaloy/.functions.old"
2022-11-25T15:39:12.948Z - INFO "cp /home/alexandredelaloy/go/src/github.com/gogolcorp/go-eland/config/files/functions.sh /home/alexandredelaloy/.functions"
2022-11-25T15:39:15.965Z - INFO "printf "printf source /home/alexandredelaloy/.aliases; source /home/alexandredelaloy/.functions >> /home/alexandredelaloy/.zshrc " >> /home/alexandredelaloy/.zshrc"
2022-11-25T15:39:19.014Z - FAIL [1] "sudo snap install code --classic"
2022-11-25T15:39:19.123Z - FAIL [1] "sudo snap refresh discord"
2022-11-25T15:39:19.314Z - INFO "sudo snap refresh gimp"
2022-11-25T15:39:19.340Z - FAIL [1] "sudo snap install kontena-lens --classic"
2022-11-25T15:39:19.398Z - FAIL [1] "sudo snap refresh slack"
2022-11-25T15:39:19.466Z - FAIL [1] "sudo snap refresh spotify"
2022-11-25T15:39:43.003Z - FAIL [141] "sudo snap install telegram-desktop"
